<?xml version="1.0" encoding="UTF-8"?>
<!-- Generated by org.testng.reporters.JUnitReportReporter -->
<testsuite hostname="DESKTOP-17VR8JT" failures="0" tests="2" name="WebAutomation.Project1.RegisterNewUser" time="15.315" errors="0" timestamp="2022-12-17T13:17:21 BDT" skipped="0">
  <testcase classname="WebAutomation.Project1.RegisterNewUser" name="openUrl" time="4.578"/>
  <system-out/>
  <testcase classname="WebAutomation.Project1.RegisterNewUser" name="register" time="10.737"/>
  <system-out/>
</testsuite> <!-- WebAutomation.Project1.RegisterNewUser -->
