<?xml version="1.0" encoding="UTF-8"?>
<!-- Generated by org.testng.reporters.JUnitReportReporter -->
<testsuite hostname="DESKTOP-17VR8JT" failures="0" tests="2" name="WebAutomation.Project1.LogIn" time="15.673" errors="0" timestamp="2022-12-17T13:18:37 BDT" skipped="0">
  <testcase classname="WebAutomation.Project1.LogIn" name="openUrl" time="4.258"/>
  <system-out/>
  <testcase classname="WebAutomation.Project1.LogIn" name="signIn" time="11.415"/>
  <system-out/>
</testsuite> <!-- WebAutomation.Project1.LogIn -->
