<?xml version="1.0" encoding="UTF-8"?>
<!-- Generated by org.testng.reporters.JUnitReportReporter -->
<testsuite hostname="DESKTOP-17VR8JT" failures="0" tests="4" name="WebAutomation.Project1.Practice" time="20.473" errors="0" timestamp="2022-12-17T13:27:41 BDT" skipped="0">
  <testcase classname="WebAutomation.Project1.Practice" name="openUrl" time="2.382"/>
  <system-out/>
  <testcase classname="WebAutomation.Project1.Practice" name="TextArea" time="8.534"/>
  <system-out/>
  <testcase classname="WebAutomation.Project1.Practice" name="checkBoxradioButton" time="5.290"/>
  <system-out/>
  <testcase classname="WebAutomation.Project1.Practice" name="DropDown" time="4.267"/>
  <system-out/>
</testsuite> <!-- WebAutomation.Project1.Practice -->
